0.000000000000000000e+00
0.000000000000000000e+00
4.181072711944580078e+00
2.981245040893554688e+00
2.662330150604248047e+00
2.488663196563720703e+00
2.371968030929565430e+00
2.281382799148559570e+00
2.204859733581542969e+00
2.148421525955200195e+00
2.097240209579467773e+00
2.057874441146850586e+00
2.021668195724487305e+00
1.994496583938598633e+00
1.965712189674377441e+00
1.999614834785461426e+00
1.935763239860534668e+00
1.909978985786437988e+00
1.895401477813720703e+00
1.874564290046691895e+00
1.860209465026855469e+00
1.853280186653137207e+00
1.831792712211608887e+00
