0.000000000000000000e+00
0.000000000000000000e+00
2.612164735794067383e+00
1.825914978981018066e+00
1.595862865447998047e+00
1.476966261863708496e+00
1.401885151863098145e+00
1.343797326087951660e+00
1.303535103797912598e+00
1.268858075141906738e+00
1.238576292991638184e+00
1.213787913322448730e+00
1.194820404052734375e+00
1.173748612403869629e+00
1.157961368560791016e+00
1.142059087753295898e+00
1.130188703536987305e+00
1.117833375930786133e+00
1.102977037429809570e+00
1.093392848968505859e+00
1.084584832191467285e+00
1.073896884918212891e+00
1.069107294082641602e+00
1.056184172630310059e+00
1.050387501716613770e+00
1.045307874679565430e+00
1.035552144050598145e+00
